-------------------------------------------------------------------------------
Test set: project1.Project1Test
-------------------------------------------------------------------------------
Tests run: 5, Failures: 0, Errors: 0, Skipped: 0, Time elapsed: 0.011 s -- in project1.Project1Test
project1.Project1Test.testInvalidNameInput -- Time elapsed: 0.003 s
project1.Project1Test.testNegativeHeightInput -- Time elapsed: 0.001 s
project1.Project1Test.testNoPlayers -- Time elapsed: 0 s
project1.Project1Test.testAllPlayersSameHeightAndAge -- Time elapsed: 0.001 s
project1.Project1Test.findTallestPlayerTest -- Time elapsed: 0 s
