<?xml version="1.0" encoding="UTF-8"?>
<testsuite xmlns:xsi="http://www.w3.org/2001/XMLSchema-instance" xsi:noNamespaceSchemaLocation="https://maven.apache.org/surefire/maven-surefire-plugin/xsd/surefire-test-report.xsd" name="project1.HeightTest" time="0" tests="4" errors="0" skipped="0" failures="0">
  <properties>
[...]
</properties>
  <testcase name="testToInches" classname="project1.HeightTest" time="0"/>
  <testcase name="testToString" classname="project1.HeightTest" time="0"/>
  <testcase name="testInchesConversion" classname="project1.HeightTest" time="0"/>
  <testcase name="testHeightCreation" classname="project1.HeightTest" time="0"/>
</testsuite>